[INFO ] 2023-01-15 18:31:39.629 [http-nio-8001-exec-10] PerformanceAspect - Execution starts: Method: DashboardServiceImpl.getExchangeRates()
[INFO ] 2023-01-15 18:31:39.912 [http-nio-8001-exec-10] PerformanceAspect - Time taken to execute: Method: DashboardServiceImpl.getExchangeRates() - 283 ms 
[ERROR] 2023-01-15 18:31:41.956 [http-nio-8001-exec-10] LoggingAspect - After Throwing-> Method: CategoryController.listAllCategories(..), Exception Class: class java.lang.RuntimeException, Exception Message: My Exception
[INFO ] 2023-01-15 18:39:15.707 [http-nio-8001-exec-9] PerformanceAspect - Execution starts: Method: DashboardServiceImpl.getExchangeRates()
[INFO ] 2023-01-15 18:39:15.823 [http-nio-8001-exec-9] PerformanceAspect - Time taken to execute: Method: DashboardServiceImpl.getExchangeRates() - 116 ms 
[ERROR] 2023-01-15 18:39:19.602 [http-nio-8001-exec-1] LoggingAspect - After Throwing-> Method: CategoryController.listAllCategories(..), Exception Class: class java.lang.RuntimeException, Exception Message: My Exception
[INFO ] 2023-01-15 18:39:21.474 [http-nio-8001-exec-9] PerformanceAspect - Execution starts: Method: DashboardServiceImpl.getExchangeRates()
[INFO ] 2023-01-15 18:39:21.624 [http-nio-8001-exec-9] PerformanceAspect - Time taken to execute: Method: DashboardServiceImpl.getExchangeRates() - 150 ms 
[INFO ] 2023-01-15 18:39:52.799 [http-nio-8001-exec-8] PerformanceAspect - Execution starts: Method: PurchaseInvoiceController.purchaseInvoiceList(..)
[INFO ] 2023-01-15 18:39:52.853 [http-nio-8001-exec-8] PerformanceAspect - Time taken to execute: Method: PurchaseInvoiceController.purchaseInvoiceList(..) - 54 ms 
[INFO ] 2023-01-15 18:39:57.071 [http-nio-8001-exec-5] PerformanceAspect - Execution starts: Method: PurchaseInvoiceController.purchaseInvoiceList(..)
[INFO ] 2023-01-15 18:39:57.090 [http-nio-8001-exec-5] PerformanceAspect - Time taken to execute: Method: PurchaseInvoiceController.purchaseInvoiceList(..) - 19 ms 
[INFO ] 2023-01-15 18:43:40.597 [http-nio-8001-exec-6] PerformanceAspect - Execution starts: Method: DashboardServiceImpl.getExchangeRates()
[INFO ] 2023-01-15 18:43:40.894 [http-nio-8001-exec-6] PerformanceAspect - Time taken to execute: Method: DashboardServiceImpl.getExchangeRates() - 297 ms 
[ERROR] 2023-01-16 11:37:36.179 [http-nio-8001-exec-5] LoggingAspect - After Throwing-> Method: CompanyServiceImpl.save(..), Exception Class: class org.springframework.dao.DataIntegrityViolationException, Exception Message: could not execute statement; SQL [n/a]; constraint [uk_5hg8884r4umln1u4knfesnofy]; nested exception is org.hibernate.exception.ConstraintViolationException: could not execute statement
[ERROR] 2023-01-16 11:37:36.180 [http-nio-8001-exec-5] LoggingAspect - After Throwing-> Method: CompanyController.createCompanyFinish(..), Exception Class: class org.springframework.dao.DataIntegrityViolationException, Exception Message: could not execute statement; SQL [n/a]; constraint [uk_5hg8884r4umln1u4knfesnofy]; nested exception is org.hibernate.exception.ConstraintViolationException: could not execute statement
[ERROR] 2023-01-16 11:39:04.351 [http-nio-8001-exec-5] LoggingAspect - After Throwing-> Method: CompanyServiceImpl.save(..), Exception Class: class org.springframework.dao.DataIntegrityViolationException, Exception Message: could not execute statement; SQL [n/a]; constraint [uk_5hg8884r4umln1u4knfesnofy]; nested exception is org.hibernate.exception.ConstraintViolationException: could not execute statement
[ERROR] 2023-01-16 11:39:04.351 [http-nio-8001-exec-5] LoggingAspect - After Throwing-> Method: CompanyController.createCompanyFinish(..), Exception Class: class org.springframework.dao.DataIntegrityViolationException, Exception Message: could not execute statement; SQL [n/a]; constraint [uk_5hg8884r4umln1u4knfesnofy]; nested exception is org.hibernate.exception.ConstraintViolationException: could not execute statement
[ERROR] 2023-01-16 11:39:25.596 [http-nio-8001-exec-10] LoggingAspect - After Throwing-> Method: CompanyServiceImpl.save(..), Exception Class: class org.springframework.dao.DataIntegrityViolationException, Exception Message: could not execute statement; SQL [n/a]; constraint [uk_5hg8884r4umln1u4knfesnofy]; nested exception is org.hibernate.exception.ConstraintViolationException: could not execute statement
[ERROR] 2023-01-16 11:39:25.596 [http-nio-8001-exec-10] LoggingAspect - After Throwing-> Method: CompanyController.createCompanyFinish(..), Exception Class: class org.springframework.dao.DataIntegrityViolationException, Exception Message: could not execute statement; SQL [n/a]; constraint [uk_5hg8884r4umln1u4knfesnofy]; nested exception is org.hibernate.exception.ConstraintViolationException: could not execute statement
